0:00:00:00 Starting a new session
0:00:00:00 Loaded a total of 50 password hashes with 50 different salts
0:00:00:00 Sorting salts, for performance
0:00:00:00 Remaining 13 password hashes with 13 different salts
0:00:00:00 Command line: john --wordlist=/Users/kaelynnlackey/Desktop/john.txt --mask=?w?d?d?d /Users/kaelynnlackey/githubrepo/cy2550/project5/passwords --session=session7 
0:00:00:00 - UTF-8 input encoding enabled
0:00:00:00 - Passwords will be stored UTF-8 encoded in .pot file
0:00:00:00 - Hash type: md5crypt, crypt(3) $1$ (and variants) (min-len 0, max-len 5 [worst case UTF-8] to 15 [ASCII])
0:00:00:00 - Algorithm: MD5 128/128 ASIMD 4x2
0:00:00:00 - Configured to use otherwise idle processor cycles only
0:00:00:00 - Will reject candidates longer than 15 bytes
0:00:00:00 - Candidate passwords will be buffered and tried in chunks of 8
0:00:00:00 Proceeding with wordlist mode
0:00:00:00 - Wordlist file: /Users/kaelynnlackey/Desktop/john.txt
0:00:00:00 - memory mapping wordlist (26326 bytes)
0:00:00:00 - No word mangling rules
0:00:00:00 - No stacked rules
0:00:08:00 + pot sync removed 1 hashes; Remaining 12 hashes with 12 different salts
0:00:13:00 + pot sync removed 1 hashes; Remaining 11 hashes with 11 different salts
0:00:28:00 + pot sync removed 1 hashes; Remaining 10 hashes with 10 different salts
0:00:42:16 Session completed
