1 0:00:00:00 Starting a new session
1 0:00:00:00 Loaded a total of 50 password hashes with 50 different salts
1 0:00:00:00 Sorting salts, for performance
1 0:00:00:00 Remaining 17 password hashes with 17 different salts
1 0:00:00:00 - Node numbers 1-3 of 3 (fork)
1 0:00:00:00 Command line: john --wordlist=/Users/kaelynnlackey/githubrepo/cy2550/project5/english-words/words_dictionary.json --rules --fork=3 /Users/kaelynnlackey/githubrepo/cy2550/project5/passwords --session=sessionenglishwords2 
1 0:00:00:00 - UTF-8 input encoding enabled
1 0:00:00:00 - Passwords will be stored UTF-8 encoded in .pot file
1 0:00:00:00 - Hash type: md5crypt, crypt(3) $1$ (and variants) (min-len 0, max-len 5 [worst case UTF-8] to 15 [ASCII])
1 0:00:00:00 - Algorithm: MD5 128/128 ASIMD 4x2
1 0:00:00:00 - Configured to use otherwise idle processor cycles only
1 0:00:00:00 - Will reject candidates longer than 15 bytes
1 0:00:00:00 - Candidate passwords will be buffered and tried in chunks of 8
3 0:00:00:00 Command line: john --wordlist=/Users/kaelynnlackey/githubrepo/cy2550/project5/english-words/words_dictionary.json --rules --fork=3 /Users/kaelynnlackey/githubrepo/cy2550/project5/passwords --session=sessionenglishwords2 
3 0:00:00:00 - UTF-8 input encoding enabled
3 0:00:00:00 - Passwords will be stored UTF-8 encoded in .pot file
3 0:00:00:00 - Will reject candidates longer than 15 bytes
3 0:00:00:00 Proceeding with wordlist mode
3 0:00:00:00 - Rules: Wordlist
3 0:00:00:00 - Wordlist file: /Users/kaelynnlackey/githubrepo/cy2550/project5/english-words/words_dictionary.json
3 0:00:00:00 - memory mapping wordlist (6825598 bytes)
3 0:00:00:00 - loaded this node's share of wordfile /Users/kaelynnlackey/githubrepo/cy2550/project5/english-words/words_dictionary.json into memory (2275138 bytes of 6825598, max_size=2147483648 avg/node)
3 0:00:00:00 - wordfile had 123367 lines and required 986936 bytes for index.
3 0:00:00:00 - 57 preprocessed word mangling rules
2 0:00:00:00 Command line: john --wordlist=/Users/kaelynnlackey/githubrepo/cy2550/project5/english-words/words_dictionary.json --rules --fork=3 /Users/kaelynnlackey/githubrepo/cy2550/project5/passwords --session=sessionenglishwords2 
2 0:00:00:00 - UTF-8 input encoding enabled
2 0:00:00:00 - Passwords will be stored UTF-8 encoded in .pot file
2 0:00:00:00 - Will reject candidates longer than 15 bytes
2 0:00:00:00 Proceeding with wordlist mode
2 0:00:00:00 - Rules: Wordlist
2 0:00:00:00 - Wordlist file: /Users/kaelynnlackey/githubrepo/cy2550/project5/english-words/words_dictionary.json
2 0:00:00:00 - memory mapping wordlist (6825598 bytes)
2 0:00:00:00 - loaded this node's share of wordfile /Users/kaelynnlackey/githubrepo/cy2550/project5/english-words/words_dictionary.json into memory (2275326 bytes of 6825598, max_size=2147483648 avg/node)
2 0:00:00:00 - wordfile had 123368 lines and required 986944 bytes for index.
2 0:00:00:00 - 57 preprocessed word mangling rules
1 0:00:00:00 Proceeding with wordlist mode
1 0:00:00:00 - Rules: Wordlist
1 0:00:00:00 - Wordlist file: /Users/kaelynnlackey/githubrepo/cy2550/project5/english-words/words_dictionary.json
1 0:00:00:00 - memory mapping wordlist (6825598 bytes)
1 0:00:00:00 - loaded this node's share of wordfile /Users/kaelynnlackey/githubrepo/cy2550/project5/english-words/words_dictionary.json into memory (2275135 bytes of 6825598, max_size=2147483648 avg/node)
1 0:00:00:00 - wordfile had 123368 lines and required 986944 bytes for index.
1 0:00:00:00 - 57 preprocessed word mangling rules
2 0:00:00:00 - No stacked rules
2 0:00:00:00 - Rule #1: ':' accepted as ''
2 0:00:00:55 - Rule #2: '-c >3 !?X l Q' accepted as '>3!?XlQ'
2 0:00:00:55 - Rule #3: '-c (?a >2 !?X c Q' accepted as '(?a>2!?XcQ'
2 0:00:00:55 - Rule #4: '<* >2 !?A l p' accepted as '<*>2!?Alp'
2 0:00:00:55 - Rule #5: '<* >2 !?A l $1' accepted as '<*>2!?Al$1'
2 0:00:00:55 - Rule #6: '-c <* >2 !?A c $1' accepted as '<*>2!?Ac$1'
2 0:00:00:55 - Rule #7: '<7 >1 !?A l d' accepted as '<7>1!?Ald'
2 0:00:00:55 - Rule #8: '>3 !?A l M r Q' accepted as '>3!?AlMrQ'
2 0:00:00:55 - Rule #9: '>2 !?A l ^1' accepted as '>2!?Al^1'
2 0:00:00:55 - Rule #10: '-c >2 !?X u Q M c Q u' accepted as '>2!?XuQMcQu'
2 0:00:00:55 - Rule #11: '<* >2 !?A l $2' accepted as '<*>2!?Al$2'
2 0:00:00:55 - Rule #12: '<* >2 !?A l $!' accepted as '<*>2!?Al$!'
2 0:00:00:55 - Rule #13: '<* >2 !?A l $3' accepted as '<*>2!?Al$3'
2 0:00:00:55 - Rule #14: '<* >2 !?A l $7' accepted as '<*>2!?Al$7'
2 0:00:00:55 - Rule #15: '<* >2 !?A l $9' accepted as '<*>2!?Al$9'
2 0:00:00:55 - Rule #16: '<* >2 !?A l $5' accepted as '<*>2!?Al$5'
2 0:00:00:55 - Rule #17: '<* >2 !?A l $4' accepted as '<*>2!?Al$4'
2 0:00:00:55 - Rule #18: '<* >2 !?A l $8' accepted as '<*>2!?Al$8'
2 0:00:00:55 - Rule #19: '<* >2 !?A l $6' accepted as '<*>2!?Al$6'
2 0:00:00:55 - Rule #20: '<* >2 !?A l $0' accepted as '<*>2!?Al$0'
2 0:00:00:55 - Rule #21: '<* >2 !?A l $.' accepted as '<*>2!?Al$.'
2 0:00:00:55 - Rule #22: '<* >2 !?A l $?' accepted as '<*>2!?Al$?'
2 0:00:00:55 - Rule #23: '/?p @?p >3 l' accepted as '/?p@?p>3l'
1 0:00:00:00 - No stacked rules
1 0:00:00:00 - Rule #1: ':' accepted as ''
1 0:00:00:34 - Rule #2: '-c >3 !?X l Q' accepted as '>3!?XlQ'
1 0:00:00:34 - Rule #3: '-c (?a >2 !?X c Q' accepted as '(?a>2!?XcQ'
1 0:00:00:34 - Rule #4: '<* >2 !?A l p' accepted as '<*>2!?Alp'
1 0:00:00:34 - Rule #5: '<* >2 !?A l $1' accepted as '<*>2!?Al$1'
1 0:00:00:34 - Rule #6: '-c <* >2 !?A c $1' accepted as '<*>2!?Ac$1'
1 0:00:00:34 - Rule #7: '<7 >1 !?A l d' accepted as '<7>1!?Ald'
1 0:00:00:34 - Rule #8: '>3 !?A l M r Q' accepted as '>3!?AlMrQ'
1 0:00:00:34 - Rule #9: '>2 !?A l ^1' accepted as '>2!?Al^1'
1 0:00:00:34 - Rule #10: '-c >2 !?X u Q M c Q u' accepted as '>2!?XuQMcQu'
1 0:00:00:34 - Rule #11: '<* >2 !?A l $2' accepted as '<*>2!?Al$2'
1 0:00:00:34 - Rule #12: '<* >2 !?A l $!' accepted as '<*>2!?Al$!'
1 0:00:00:34 - Rule #13: '<* >2 !?A l $3' accepted as '<*>2!?Al$3'
1 0:00:00:34 - Rule #14: '<* >2 !?A l $7' accepted as '<*>2!?Al$7'
1 0:00:00:34 - Rule #15: '<* >2 !?A l $9' accepted as '<*>2!?Al$9'
1 0:00:00:34 - Rule #16: '<* >2 !?A l $5' accepted as '<*>2!?Al$5'
1 0:00:00:34 - Rule #17: '<* >2 !?A l $4' accepted as '<*>2!?Al$4'
1 0:00:00:34 - Rule #18: '<* >2 !?A l $8' accepted as '<*>2!?Al$8'
1 0:00:00:34 - Rule #19: '<* >2 !?A l $6' accepted as '<*>2!?Al$6'
1 0:00:00:34 - Rule #20: '<* >2 !?A l $0' accepted as '<*>2!?Al$0'
1 0:00:00:34 - Rule #21: '<* >2 !?A l $.' accepted as '<*>2!?Al$.'
1 0:00:00:34 - Rule #22: '<* >2 !?A l $?' accepted as '<*>2!?Al$?'
1 0:00:00:34 - Rule #23: '/?p @?p >3 l' accepted as '/?p@?p>3l'
3 0:00:00:00 - No stacked rules
3 0:00:00:00 - Rule #1: ':' accepted as ''
3 0:00:00:55 - Rule #2: '-c >3 !?X l Q' accepted as '>3!?XlQ'
3 0:00:00:55 - Rule #3: '-c (?a >2 !?X c Q' accepted as '(?a>2!?XcQ'
3 0:00:00:55 - Rule #4: '<* >2 !?A l p' accepted as '<*>2!?Alp'
3 0:00:00:55 - Rule #5: '<* >2 !?A l $1' accepted as '<*>2!?Al$1'
3 0:00:00:55 - Rule #6: '-c <* >2 !?A c $1' accepted as '<*>2!?Ac$1'
3 0:00:00:55 - Rule #7: '<7 >1 !?A l d' accepted as '<7>1!?Ald'
3 0:00:00:55 - Rule #8: '>3 !?A l M r Q' accepted as '>3!?AlMrQ'
3 0:00:00:55 - Rule #9: '>2 !?A l ^1' accepted as '>2!?Al^1'
3 0:00:00:55 - Rule #10: '-c >2 !?X u Q M c Q u' accepted as '>2!?XuQMcQu'
3 0:00:00:55 - Rule #11: '<* >2 !?A l $2' accepted as '<*>2!?Al$2'
3 0:00:00:55 - Rule #12: '<* >2 !?A l $!' accepted as '<*>2!?Al$!'
3 0:00:00:55 - Rule #13: '<* >2 !?A l $3' accepted as '<*>2!?Al$3'
3 0:00:00:55 - Rule #14: '<* >2 !?A l $7' accepted as '<*>2!?Al$7'
3 0:00:00:55 - Rule #15: '<* >2 !?A l $9' accepted as '<*>2!?Al$9'
3 0:00:00:55 - Rule #16: '<* >2 !?A l $5' accepted as '<*>2!?Al$5'
3 0:00:00:55 - Rule #17: '<* >2 !?A l $4' accepted as '<*>2!?Al$4'
3 0:00:00:55 - Rule #18: '<* >2 !?A l $8' accepted as '<*>2!?Al$8'
3 0:00:00:55 - Rule #19: '<* >2 !?A l $6' accepted as '<*>2!?Al$6'
3 0:00:00:55 - Rule #20: '<* >2 !?A l $0' accepted as '<*>2!?Al$0'
3 0:00:00:55 - Rule #21: '<* >2 !?A l $.' accepted as '<*>2!?Al$.'
3 0:00:00:55 - Rule #22: '<* >2 !?A l $?' accepted as '<*>2!?Al$?'
3 0:00:00:55 - Rule #23: '/?p @?p >3 l' accepted as '/?p@?p>3l'
1 0:00:02:16 - Rule #24: '/?v @?v >3 l' accepted as '/?v@?v>3l'
2 0:00:03:58 - Rule #24: '/?v @?v >3 l' accepted as '/?v@?v>3l'
3 0:00:03:57 - Rule #24: '/?v @?v >3 l' accepted as '/?v@?v>3l'
1 0:00:04:04 - Rule #25: '/?w @?w >3 l' accepted as '/?w@?w>3l'
1 0:00:05:31 - Rule #26: '-c <7 >1 !?A c d' accepted as '<7>1!?Acd'
1 0:00:05:31 - Rule #27: '-c <+ >2 !?A c r' accepted as '<+>2!?Acr'
1 0:00:05:31 - Rule #28: '-c >2 !?A l M r Q c' accepted as '>2!?AlMrQc'
1 0:00:05:31 - Rule #29: '<7 >1 !?A l d M 'l f Q' accepted as '<7>1!?AldM'lfQ'
1 0:00:05:31 - Rule #30: '-c <+ >2 !?A l M r Q c r' accepted as '<+>2!?AlMrQcr'
1 0:00:05:31 - Rule #31: '>2 !?A l ^2' accepted as '>2!?Al^2'
1 0:00:05:31 - Rule #32: '>2 !?A l ^4' accepted as '>2!?Al^4'
1 0:00:05:31 - Rule #33: '-c <* >2 !?A c $2' accepted as '<*>2!?Ac$2'
1 0:00:05:31 - Rule #34: '-c <* >2 !?A c $!' accepted as '<*>2!?Ac$!'
1 0:00:05:31 - Rule #35: '-c <* >2 !?A c $3' accepted as '<*>2!?Ac$3'
1 0:00:05:31 - Rule #36: '-c <* >2 !?A c $9' accepted as '<*>2!?Ac$9'
1 0:00:05:31 - Rule #37: '-c <* >2 !?A c $5' accepted as '<*>2!?Ac$5'
1 0:00:05:31 - Rule #38: '-c <* >2 !?A c $7' accepted as '<*>2!?Ac$7'
1 0:00:05:31 - Rule #39: '-c <* >2 !?A c $4' accepted as '<*>2!?Ac$4'
1 0:00:05:31 - Rule #40: '-c <* >2 !?A c $6' accepted as '<*>2!?Ac$6'
1 0:00:05:31 - Rule #41: '-c <* >2 !?A c $8' accepted as '<*>2!?Ac$8'
1 0:00:05:31 - Rule #42: '-c <* >2 !?A c $.' accepted as '<*>2!?Ac$.'
1 0:00:05:31 - Rule #43: '-c <* >2 !?A c $?' accepted as '<*>2!?Ac$?'
1 0:00:05:31 - Rule #44: '-c <* >2 !?A c $0' accepted as '<*>2!?Ac$0'
1 0:00:05:31 - Rule #45: '>2 !?A l ^3' accepted as '>2!?Al^3'
1 0:00:05:31 - Rule #46: '>2 !?A l ^7' accepted as '>2!?Al^7'
1 0:00:05:31 - Rule #47: '>2 !?A l ^9' accepted as '>2!?Al^9'
1 0:00:05:31 - Rule #48: '>2 !?A l ^5' accepted as '>2!?Al^5'
1 0:00:05:31 - Rule #49: '>2 !?A l ^6' accepted as '>2!?Al^6'
1 0:00:05:31 - Rule #50: '>2 !?A l ^8' accepted as '>2!?Al^8'
1 0:00:05:31 - Rule #51: '-c <* >2 !?A c p' accepted as '<*>2!?Acp'
1 0:00:05:31 - Rule #52: '-: <* >2 !?A l M P Q' accepted as '<*>2!?AlMPQ'
1 0:00:05:31 - Rule #53: '-: <* >2 !?A l M I Q' accepted as '<*>2!?AlMIQ'
1 0:00:05:31 - Rule #54: '-c <* >2 !?A c M P Q' accepted as '<*>2!?AcMPQ'
1 0:00:05:31 - Rule #55: '-c <* >2 !?A c M I Q' accepted as '<*>2!?AcMIQ'
1 0:00:05:31 - Rule #56: '-s x**' rejected
1 0:00:05:31 - Rule #57: '-s-c x** M l Q' rejected
1 0:00:05:31 Waiting for 2 children to terminate
2 0:00:07:24 - Rule #25: '/?w @?w >3 l' accepted as '/?w@?w>3l'
3 0:00:07:24 - Rule #25: '/?w @?w >3 l' accepted as '/?w@?w>3l'
3 0:00:10:18 - Rule #26: '-c <7 >1 !?A c d' accepted as '<7>1!?Acd'
3 0:00:10:18 - Rule #27: '-c <+ >2 !?A c r' accepted as '<+>2!?Acr'
3 0:00:10:18 - Rule #28: '-c >2 !?A l M r Q c' accepted as '>2!?AlMrQc'
3 0:00:10:18 - Rule #29: '<7 >1 !?A l d M 'l f Q' accepted as '<7>1!?AldM'lfQ'
3 0:00:10:18 - Rule #30: '-c <+ >2 !?A l M r Q c r' accepted as '<+>2!?AlMrQcr'
3 0:00:10:18 - Rule #31: '>2 !?A l ^2' accepted as '>2!?Al^2'
3 0:00:10:18 - Rule #32: '>2 !?A l ^4' accepted as '>2!?Al^4'
3 0:00:10:18 - Rule #33: '-c <* >2 !?A c $2' accepted as '<*>2!?Ac$2'
3 0:00:10:18 - Rule #34: '-c <* >2 !?A c $!' accepted as '<*>2!?Ac$!'
3 0:00:10:18 - Rule #35: '-c <* >2 !?A c $3' accepted as '<*>2!?Ac$3'
3 0:00:10:18 - Rule #36: '-c <* >2 !?A c $9' accepted as '<*>2!?Ac$9'
3 0:00:10:18 - Rule #37: '-c <* >2 !?A c $5' accepted as '<*>2!?Ac$5'
3 0:00:10:18 - Rule #38: '-c <* >2 !?A c $7' accepted as '<*>2!?Ac$7'
3 0:00:10:18 - Rule #39: '-c <* >2 !?A c $4' accepted as '<*>2!?Ac$4'
3 0:00:10:18 - Rule #40: '-c <* >2 !?A c $6' accepted as '<*>2!?Ac$6'
3 0:00:10:18 - Rule #41: '-c <* >2 !?A c $8' accepted as '<*>2!?Ac$8'
3 0:00:10:18 - Rule #42: '-c <* >2 !?A c $.' accepted as '<*>2!?Ac$.'
3 0:00:10:18 - Rule #43: '-c <* >2 !?A c $?' accepted as '<*>2!?Ac$?'
3 0:00:10:18 - Rule #44: '-c <* >2 !?A c $0' accepted as '<*>2!?Ac$0'
3 0:00:10:18 - Rule #45: '>2 !?A l ^3' accepted as '>2!?Al^3'
3 0:00:10:18 - Rule #46: '>2 !?A l ^7' accepted as '>2!?Al^7'
3 0:00:10:18 - Rule #47: '>2 !?A l ^9' accepted as '>2!?Al^9'
3 0:00:10:18 - Rule #48: '>2 !?A l ^5' accepted as '>2!?Al^5'
3 0:00:10:18 - Rule #49: '>2 !?A l ^6' accepted as '>2!?Al^6'
3 0:00:10:18 - Rule #50: '>2 !?A l ^8' accepted as '>2!?Al^8'
3 0:00:10:18 - Rule #51: '-c <* >2 !?A c p' accepted as '<*>2!?Acp'
3 0:00:10:18 - Rule #52: '-: <* >2 !?A l M P Q' accepted as '<*>2!?AlMPQ'
3 0:00:10:18 - Rule #53: '-: <* >2 !?A l M I Q' accepted as '<*>2!?AlMIQ'
3 0:00:10:18 - Rule #54: '-c <* >2 !?A c M P Q' accepted as '<*>2!?AcMPQ'
3 0:00:10:18 - Rule #55: '-c <* >2 !?A c M I Q' accepted as '<*>2!?AcMIQ'
3 0:00:10:18 - Rule #56: '-s x**' rejected
3 0:00:10:18 - Rule #57: '-s-c x** M l Q' rejected
3 0:00:10:18 Session completed
2 0:00:10:20 - Rule #26: '-c <7 >1 !?A c d' accepted as '<7>1!?Acd'
2 0:00:10:20 - Rule #27: '-c <+ >2 !?A c r' accepted as '<+>2!?Acr'
2 0:00:10:20 - Rule #28: '-c >2 !?A l M r Q c' accepted as '>2!?AlMrQc'
2 0:00:10:20 - Rule #29: '<7 >1 !?A l d M 'l f Q' accepted as '<7>1!?AldM'lfQ'
2 0:00:10:20 - Rule #30: '-c <+ >2 !?A l M r Q c r' accepted as '<+>2!?AlMrQcr'
2 0:00:10:20 - Rule #31: '>2 !?A l ^2' accepted as '>2!?Al^2'
2 0:00:10:20 - Rule #32: '>2 !?A l ^4' accepted as '>2!?Al^4'
2 0:00:10:20 - Rule #33: '-c <* >2 !?A c $2' accepted as '<*>2!?Ac$2'
2 0:00:10:20 - Rule #34: '-c <* >2 !?A c $!' accepted as '<*>2!?Ac$!'
2 0:00:10:20 - Rule #35: '-c <* >2 !?A c $3' accepted as '<*>2!?Ac$3'
2 0:00:10:20 - Rule #36: '-c <* >2 !?A c $9' accepted as '<*>2!?Ac$9'
2 0:00:10:20 - Rule #37: '-c <* >2 !?A c $5' accepted as '<*>2!?Ac$5'
2 0:00:10:20 - Rule #38: '-c <* >2 !?A c $7' accepted as '<*>2!?Ac$7'
2 0:00:10:20 - Rule #39: '-c <* >2 !?A c $4' accepted as '<*>2!?Ac$4'
2 0:00:10:20 - Rule #40: '-c <* >2 !?A c $6' accepted as '<*>2!?Ac$6'
2 0:00:10:20 - Rule #41: '-c <* >2 !?A c $8' accepted as '<*>2!?Ac$8'
2 0:00:10:20 - Rule #42: '-c <* >2 !?A c $.' accepted as '<*>2!?Ac$.'
2 0:00:10:20 - Rule #43: '-c <* >2 !?A c $?' accepted as '<*>2!?Ac$?'
2 0:00:10:20 - Rule #44: '-c <* >2 !?A c $0' accepted as '<*>2!?Ac$0'
2 0:00:10:20 - Rule #45: '>2 !?A l ^3' accepted as '>2!?Al^3'
2 0:00:10:20 - Rule #46: '>2 !?A l ^7' accepted as '>2!?Al^7'
2 0:00:10:20 - Rule #47: '>2 !?A l ^9' accepted as '>2!?Al^9'
2 0:00:10:20 - Rule #48: '>2 !?A l ^5' accepted as '>2!?Al^5'
2 0:00:10:20 - Rule #49: '>2 !?A l ^6' accepted as '>2!?Al^6'
2 0:00:10:20 - Rule #50: '>2 !?A l ^8' accepted as '>2!?Al^8'
2 0:00:10:20 - Rule #51: '-c <* >2 !?A c p' accepted as '<*>2!?Acp'
2 0:00:10:20 - Rule #52: '-: <* >2 !?A l M P Q' accepted as '<*>2!?AlMPQ'
2 0:00:10:20 - Rule #53: '-: <* >2 !?A l M I Q' accepted as '<*>2!?AlMIQ'
2 0:00:10:20 - Rule #54: '-c <* >2 !?A c M P Q' accepted as '<*>2!?AcMPQ'
2 0:00:10:20 - Rule #55: '-c <* >2 !?A c M I Q' accepted as '<*>2!?AcMIQ'
2 0:00:10:20 - Rule #56: '-s x**' rejected
2 0:00:10:20 - Rule #57: '-s-c x** M l Q' rejected
2 0:00:10:20 Session completed
1 0:00:10:20 Session completed
